14041 / 3250 / 3453 sentences in train / dev / test.
Loaded 400000 pretrained embeddings.
word_to_id: 17493
Training Start at 2020/03/19 15:17:11
# Model Parameters: 2196855
Train: new_F: 0.8923720408779268 best_F: 0.8923720408779268 
Dev: new_F: 0.8352066401521702 best_F: 0.8352066401521702 
Test: new_F: 0.7925764192139738 best_F: 0.7925764192139738 
Saving Model to ./models/_20200319_151650_CNN_1_1_1 at 2020/03/19 15:33:53
Train: new_F: 0.9341368919500647 best_F: 0.9341368919500647 
Dev: new_F: 0.8748915495401701 best_F: 0.8748915495401701 
Test: new_F: 0.8259027266028003 best_F: 0.8259027266028003 
Saving Model to ./models/_20200319_151650_CNN_1_1_1 at 2020/03/19 15:50:30
Train: new_F: 0.9463295583481407 best_F: 0.9463295583481407 
Dev: new_F: 0.8791377983063895 best_F: 0.8791377983063895 
Test: new_F: 0.8288402388275737 best_F: 0.8288402388275737 
Saving Model to ./models/_20200319_151650_CNN_1_1_1 at 2020/03/19 16:07:07
Train: new_F: 0.9612280626841454 best_F: 0.9612280626841454 
Dev: new_F: 0.8887941326965717 best_F: 0.8887941326965717 
Test: new_F: 0.8336485634513194 best_F: 0.8336485634513194 
Saving Model to ./models/_20200319_151650_CNN_1_1_1 at 2020/03/19 16:23:43
Train: new_F: 0.9691633721551448 best_F: 0.9691633721551448 
Dev: new_F: 0.8844134607109045 best_F: 0.8887941326965717 
Test: new_F: 0.8282348643959456 best_F: 0.8336485634513194 
Train: new_F: 0.9741348060643539 best_F: 0.9741348060643539 
Dev: new_F: 0.8973028163022208 best_F: 0.8973028163022208 
Test: new_F: 0.8375179340028694 best_F: 0.8375179340028694 
Saving Model to ./models/_20200319_151650_CNN_1_1_1 at 2020/03/19 16:49:45
Train: new_F: 0.9738009899300223 best_F: 0.9741348060643539 
Dev: new_F: 0.8883201092056991 best_F: 0.8973028163022208 
Test: new_F: 0.8321627948856475 best_F: 0.8375179340028694 
Train: new_F: 0.9775897797432117 best_F: 0.9775897797432117 
Dev: new_F: 0.900461775269369 best_F: 0.900461775269369 
Test: new_F: 0.8437528272867095 best_F: 0.8437528272867095 
Saving Model to ./models/_20200319_151650_CNN_1_1_1 at 2020/03/19 17:00:38
Train: new_F: 0.9768533333333334 best_F: 0.9775897797432117 
Dev: new_F: 0.9013342398232345 best_F: 0.9013342398232345 
Test: new_F: 0.8466026389013552 best_F: 0.8466026389013552 
Saving Model to ./models/_20200319_151650_CNN_1_1_1 at 2020/03/19 17:06:05
Train: new_F: 0.9785090808203682 best_F: 0.9785090808203682 
Dev: new_F: 0.9025387629919919 best_F: 0.9025387629919919 
Test: new_F: 0.8553459119496855 best_F: 0.8553459119496855 
Saving Model to ./models/_20200319_151650_CNN_1_1_1 at 2020/03/19 17:11:28
Train: new_F: 0.9813391408318387 best_F: 0.9813391408318387 
Dev: new_F: 0.9039808645139245 best_F: 0.9039808645139245 
Test: new_F: 0.8491519307109346 best_F: 0.8553459119496855 
Saving Model to ./models/_20200319_151650_CNN_1_1_1 at 2020/03/19 17:16:54
Train: new_F: 0.9814727854855922 best_F: 0.9814727854855922 
Dev: new_F: 0.9082678510420226 best_F: 0.9082678510420226 
Test: new_F: 0.8486705723298784 best_F: 0.8553459119496855 
Saving Model to ./models/_20200319_151650_CNN_1_1_1 at 2020/03/19 17:22:20
Train: new_F: 0.9823873086272336 best_F: 0.9823873086272336 
Dev: new_F: 0.903784150687256 best_F: 0.9082678510420226 
Test: new_F: 0.8462984513472385 best_F: 0.8553459119496855 
Train: new_F: 0.9830436173616295 best_F: 0.9830436173616295 
Dev: new_F: 0.9102172437202988 best_F: 0.9102172437202988 
Test: new_F: 0.8584745003137045 best_F: 0.8584745003137045 
Saving Model to ./models/_20200319_151650_CNN_1_1_1 at 2020/03/19 17:33:03
Train: new_F: 0.9846350832266326 best_F: 0.9846350832266326 
Dev: new_F: 0.9090754299335945 best_F: 0.9102172437202988 
Test: new_F: 0.85278729929641 best_F: 0.8584745003137045 
Train: new_F: 0.9861546666666666 best_F: 0.9861546666666666 
Dev: new_F: 0.9111148878314073 best_F: 0.9111148878314073 
Test: new_F: 0.8531870898138991 best_F: 0.8584745003137045 
Saving Model to ./models/_20200319_151650_CNN_1_1_1 at 2020/03/19 17:43:54
Train: new_F: 0.9850026666666666 best_F: 0.9861546666666666 
Dev: new_F: 0.9009437972961484 best_F: 0.9111148878314073 
Test: new_F: 0.8452531075481896 best_F: 0.8584745003137045 
Train: new_F: 0.986539815269097 best_F: 0.986539815269097 
Dev: new_F: 0.9049812350733538 best_F: 0.9111148878314073 
Test: new_F: 0.8482392146266774 best_F: 0.8584745003137045 
Train: new_F: 0.9881178403054803 best_F: 0.9881178403054803 
Dev: new_F: 0.9136806437950021 best_F: 0.9136806437950021 
Test: new_F: 0.8600267976775346 best_F: 0.8600267976775346 
Saving Model to ./models/_20200319_151650_CNN_1_1_1 at 2020/03/19 18:00:05
Train: new_F: 0.9883723411064411 best_F: 0.9883723411064411 
Dev: new_F: 0.9062446826612217 best_F: 0.9136806437950021 
Test: new_F: 0.8515189645874528 best_F: 0.8600267976775346 
Train: new_F: 0.9878777531159295 best_F: 0.9883723411064411 
Dev: new_F: 0.9094471420052814 best_F: 0.9136806437950021 
Test: new_F: 0.8561118628777626 best_F: 0.8600267976775346 
Train: new_F: 0.988816800409766 best_F: 0.988816800409766 
Dev: new_F: 0.9132830380605239 best_F: 0.9136806437950021 
Test: new_F: 0.8607027608461815 best_F: 0.8607027608461815 
Train: new_F: 0.9902954036472219 best_F: 0.9902954036472219 
Dev: new_F: 0.9102618422167614 best_F: 0.9136806437950021 
Test: new_F: 0.8543271815086902 best_F: 0.8607027608461815 
Train: new_F: 0.9911863249322435 best_F: 0.9911863249322435 
Dev: new_F: 0.9115345355563118 best_F: 0.9136806437950021 
Test: new_F: 0.8581184293287807 best_F: 0.8607027608461815 
Train: new_F: 0.9918515358361775 best_F: 0.9918515358361775 
Dev: new_F: 0.9099542140071222 best_F: 0.9136806437950021 
Test: new_F: 0.8583445190156599 best_F: 0.8607027608461815 
Train: new_F: 0.9911915882867319 best_F: 0.9918515358361775 
Dev: new_F: 0.9151679674244995 best_F: 0.9151679674244995 
Test: new_F: 0.8626747938329151 best_F: 0.8626747938329151 
Saving Model to ./models/_20200319_151650_CNN_1_1_1 at 2020/03/19 18:37:24
Train: new_F: 0.9918518834520713 best_F: 0.9918518834520713 
Dev: new_F: 0.9121317599117073 best_F: 0.9151679674244995 
Test: new_F: 0.862935055615357 best_F: 0.862935055615357 
Train: new_F: 0.9923426401894077 best_F: 0.9923426401894077 
Dev: new_F: 0.9159164260234414 best_F: 0.9159164260234414 
Test: new_F: 0.8630087860857091 best_F: 0.8630087860857091 
Saving Model to ./models/_20200319_151650_CNN_1_1_1 at 2020/03/19 18:47:59
Train: new_F: 0.99217100070397 best_F: 0.9923426401894077 
Dev: new_F: 0.912906789022007 best_F: 0.9159164260234414 
Test: new_F: 0.8597358253212328 best_F: 0.8630087860857091 
Train: new_F: 0.9923442731324504 best_F: 0.9923442731324504 
Dev: new_F: 0.9135990522129136 best_F: 0.9159164260234414 
Test: new_F: 0.8601323555714542 best_F: 0.8630087860857091 
Train: new_F: 0.9927072671443193 best_F: 0.9927072671443193 
Dev: new_F: 0.912227037131447 best_F: 0.9159164260234414 
Test: new_F: 0.8548618586293505 best_F: 0.8630087860857091 
Train: new_F: 0.9942438067624609 best_F: 0.9942438067624609 
Dev: new_F: 0.9166101694915254 best_F: 0.9166101694915254 
Test: new_F: 0.8602842585143469 best_F: 0.8630087860857091 
Saving Model to ./models/_20200319_151650_CNN_1_1_1 at 2020/03/19 19:06:25
Train: new_F: 0.994304 best_F: 0.994304 
Dev: new_F: 0.9078947368421053 best_F: 0.9166101694915254 
Test: new_F: 0.8545849158979925 best_F: 0.8630087860857091 
Training End at 2020/03/19 19:10:01
Training Time 13970s 
